# output generated by /home/witham/opt/anaconda3/envs/PromoterArchitecturePipeline/bin/gat-run.py --ignore-segment-tracks --segments=../../data/FIMO/responsivepromoters.bed --annotations=../../data/EPD_promoter_analysis/responsive_housekeeping_TATA_box_positive.bed --workspace=../../data/EPD_promoter_analysis/TATA/chromsizes.bed --num-samples=1000 --log=gat.log --num-threads=7
# job started at Mon Apr  6 14:09:51 2020 on switham-XPS-13-9370 -- 9c5f91f4-0b65-4538-ac7e-b1c7423aee56
# pid: 51721, system: Linux 5.4.0-21-generic #25-Ubuntu SMP Sat Mar 28 13:10:28 UTC 2020 x86_64
# annotation_files                        : ['../../data/EPD_promoter_analysis/responsive_housekeeping_TATA_box_positive.bed']
# annotations_label                       : None
# annotations_to_points                   : None
# bucket_size                             : 0
# cache                                   : None
# conditional                             : unconditional
# conditional_expansion                   : None
# conditional_extension                   : None
# counters                                : []
# enable_split_tracks                     : False
# ignore_segment_tracks                   : True
# input_filename_counts                   : None
# input_filename_descriptions             : None
# input_filename_results                  : None
# isochore_files                          : None
# loglevel                                : 1
# nbuckets                                : 100000
# null                                    : default
# num_samples                             : 1000
# num_threads                             : 7
# output_bed                              : []
# output_counts_pattern                   : None
# output_filename_pattern                 : %s
# output_force                            : False
# output_order                            : fold
# output_plots_pattern                    : None
# output_samples_pattern                  : None
# output_stats                            : []
# output_tables_pattern                   : %s.tsv.gz
# overlapping_annotations                 : False
# pseudo_count                            : 1.0
# pvalue_method                           : empirical
# qvalue_lambda                           : None
# qvalue_method                           : BH
# qvalue_pi0_method                       : smoother
# random_seed                             : None
# restrict_workspace                      : False
# sample_files                            : []
# sampler                                 : annotator
# segment_files                           : ['../../data/FIMO/responsivepromoters.bed']
# shift_expansion                         : 2.0
# shift_extension                         : 0
# short_help                              : None
# stderr                                  : <_io.TextIOWrapper name='<stderr>' mode='w' encoding='UTF-8'>
# stdin                                   : <_io.TextIOWrapper name='<stdin>' mode='r' encoding='UTF-8'>
# stdlog                                  : <_io.TextIOWrapper name='gat.log' mode='a' encoding='UTF-8'>
# stdout                                  : <_io.TextIOWrapper name='<stdout>' mode='w' encoding='UTF-8'>
# timeit_file                             : None
# timeit_header                           : None
# timeit_name                             : all
# truncate_segments_to_workspace          : False
# truncate_workspace_to_annotations       : False
# workspace_files                         : ['../../data/EPD_promoter_analysis/TATA/chromsizes.bed']
2020-04-06 14:09:51,833 INFO segments: reading tracks from 1 files
2020-04-06 14:09:51,834 INFO segments: read 1 tracks from 1 files
2020-04-06 14:09:51,834 INFO annotations: reading tracks from 1 files
2020-04-06 14:09:51,835 INFO annotations: read 91 tracks from 1 files
2020-04-06 14:09:51,835 INFO workspaces: reading tracks from 1 files
2020-04-06 14:09:51,835 INFO workspaces: read 1 tracks from 1 files
2020-04-06 14:09:51,835 INFO collapsing workspaces
2020-04-06 14:09:51,835 INFO intervals loaded in 0 seconds
2020-04-06 14:09:51,835 INFO collecting observed counts
2020-04-06 14:09:51,836 INFO starting sampling
2020-04-06 14:09:51,836 INFO sampling: merged: 1/1
2020-04-06 14:09:51,836 INFO performing unconditional sampling
2020-04-06 14:09:51,836 INFO workspace without conditioning: 7 segments, 119667750 nucleotides
2020-04-06 14:09:51,836 INFO workspace after conditioning: 7 segments, 119667750 nucleotides
2020-04-06 14:09:51,837 INFO setting up shared data for multi-processing
# output generated by /home/witham/opt/anaconda3/envs/PromoterArchitecturePipeline/bin/gat-run.py --ignore-segment-tracks --segments=../../data/FIMO/responsivepromoters.bed --annotations=../../data/EPD_promoter_analysis/responsive_housekeeping_TATA_box_positive.bed --workspace=../../data/EPD_promoter_analysis/TATA/chromsizes.bed --num-samples=1000 --log=gat.log --num-threads=7
# job started at Mon Apr  6 14:10:29 2020 on switham-XPS-13-9370 -- bfaf66ec-5890-45c8-8403-66258e1dcafb
# pid: 51746, system: Linux 5.4.0-21-generic #25-Ubuntu SMP Sat Mar 28 13:10:28 UTC 2020 x86_64
# annotation_files                        : ['../../data/EPD_promoter_analysis/responsive_housekeeping_TATA_box_positive.bed']
# annotations_label                       : None
# annotations_to_points                   : None
# bucket_size                             : 0
# cache                                   : None
# conditional                             : unconditional
# conditional_expansion                   : None
# conditional_extension                   : None
# counters                                : []
# enable_split_tracks                     : False
# ignore_segment_tracks                   : True
# input_filename_counts                   : None
# input_filename_descriptions             : None
# input_filename_results                  : None
# isochore_files                          : None
# loglevel                                : 1
# nbuckets                                : 100000
# null                                    : default
# num_samples                             : 1000
# num_threads                             : 7
# output_bed                              : []
# output_counts_pattern                   : None
# output_filename_pattern                 : %s
# output_force                            : False
# output_order                            : fold
# output_plots_pattern                    : None
# output_samples_pattern                  : None
# output_stats                            : []
# output_tables_pattern                   : %s.tsv.gz
# overlapping_annotations                 : False
# pseudo_count                            : 1.0
# pvalue_method                           : empirical
# qvalue_lambda                           : None
# qvalue_method                           : BH
# qvalue_pi0_method                       : smoother
# random_seed                             : None
# restrict_workspace                      : False
# sample_files                            : []
# sampler                                 : annotator
# segment_files                           : ['../../data/FIMO/responsivepromoters.bed']
# shift_expansion                         : 2.0
# shift_extension                         : 0
# short_help                              : None
# stderr                                  : <_io.TextIOWrapper name='<stderr>' mode='w' encoding='UTF-8'>
# stdin                                   : <_io.TextIOWrapper name='<stdin>' mode='r' encoding='UTF-8'>
# stdlog                                  : <_io.TextIOWrapper name='gat.log' mode='a' encoding='UTF-8'>
# stdout                                  : <_io.TextIOWrapper name='<stdout>' mode='w' encoding='UTF-8'>
# timeit_file                             : None
# timeit_header                           : None
# timeit_name                             : all
# truncate_segments_to_workspace          : False
# truncate_workspace_to_annotations       : False
# workspace_files                         : ['../../data/EPD_promoter_analysis/TATA/chromsizes.bed']
2020-04-06 14:10:29,404 INFO segments: reading tracks from 1 files
2020-04-06 14:10:29,406 INFO segments: read 1 tracks from 1 files
2020-04-06 14:10:29,406 INFO annotations: reading tracks from 1 files
2020-04-06 14:10:29,406 INFO annotations: read 91 tracks from 1 files
2020-04-06 14:10:29,406 INFO workspaces: reading tracks from 1 files
2020-04-06 14:10:29,406 INFO workspaces: read 1 tracks from 1 files
2020-04-06 14:10:29,406 INFO collapsing workspaces
2020-04-06 14:10:29,407 INFO intervals loaded in 0 seconds
2020-04-06 14:10:29,407 INFO collecting observed counts
2020-04-06 14:10:29,407 INFO starting sampling
2020-04-06 14:10:29,407 INFO sampling: merged: 1/1
2020-04-06 14:10:29,407 INFO performing unconditional sampling
2020-04-06 14:10:29,407 INFO workspace without conditioning: 7 segments, 119667750 nucleotides
2020-04-06 14:10:29,407 INFO workspace after conditioning: 7 segments, 119667750 nucleotides
2020-04-06 14:10:29,408 INFO setting up shared data for multi-processing
# output generated by /home/witham/opt/anaconda3/envs/PromoterArchitecturePipeline/bin/gat-run.py --ignore-segment-tracks --segments=../../data/FIMO/responsivepromoters.bed --annotations=../../data/EPD_promoter_analysis/responsive_housekeeping_TATA_box_positive.bed --workspace=../../data/EPD_promoter_analysis/TATA/chromsizes.bed --num-samples=1000 --log=gat.log
# job started at Mon Apr  6 14:10:43 2020 on switham-XPS-13-9370 -- 070f91c8-fd20-4ab0-95d0-56abef0afb5e
# pid: 51765, system: Linux 5.4.0-21-generic #25-Ubuntu SMP Sat Mar 28 13:10:28 UTC 2020 x86_64
# annotation_files                        : ['../../data/EPD_promoter_analysis/responsive_housekeeping_TATA_box_positive.bed']
# annotations_label                       : None
# annotations_to_points                   : None
# bucket_size                             : 0
# cache                                   : None
# conditional                             : unconditional
# conditional_expansion                   : None
# conditional_extension                   : None
# counters                                : []
# enable_split_tracks                     : False
# ignore_segment_tracks                   : True
# input_filename_counts                   : None
# input_filename_descriptions             : None
# input_filename_results                  : None
# isochore_files                          : None
# loglevel                                : 1
# nbuckets                                : 100000
# null                                    : default
# num_samples                             : 1000
# num_threads                             : 0
# output_bed                              : []
# output_counts_pattern                   : None
# output_filename_pattern                 : %s
# output_force                            : False
# output_order                            : fold
# output_plots_pattern                    : None
# output_samples_pattern                  : None
# output_stats                            : []
# output_tables_pattern                   : %s.tsv.gz
# overlapping_annotations                 : False
# pseudo_count                            : 1.0
# pvalue_method                           : empirical
# qvalue_lambda                           : None
# qvalue_method                           : BH
# qvalue_pi0_method                       : smoother
# random_seed                             : None
# restrict_workspace                      : False
# sample_files                            : []
# sampler                                 : annotator
# segment_files                           : ['../../data/FIMO/responsivepromoters.bed']
# shift_expansion                         : 2.0
# shift_extension                         : 0
# short_help                              : None
# stderr                                  : <_io.TextIOWrapper name='<stderr>' mode='w' encoding='UTF-8'>
# stdin                                   : <_io.TextIOWrapper name='<stdin>' mode='r' encoding='UTF-8'>
# stdlog                                  : <_io.TextIOWrapper name='gat.log' mode='a' encoding='UTF-8'>
# stdout                                  : <_io.TextIOWrapper name='<stdout>' mode='w' encoding='UTF-8'>
# timeit_file                             : None
# timeit_header                           : None
# timeit_name                             : all
# truncate_segments_to_workspace          : False
# truncate_workspace_to_annotations       : False
# workspace_files                         : ['../../data/EPD_promoter_analysis/TATA/chromsizes.bed']
2020-04-06 14:10:43,210 INFO segments: reading tracks from 1 files
2020-04-06 14:10:43,211 INFO segments: read 1 tracks from 1 files
2020-04-06 14:10:43,211 INFO annotations: reading tracks from 1 files
2020-04-06 14:10:43,212 INFO annotations: read 91 tracks from 1 files
2020-04-06 14:10:43,212 INFO workspaces: reading tracks from 1 files
2020-04-06 14:10:43,212 INFO workspaces: read 1 tracks from 1 files
2020-04-06 14:10:43,212 INFO collapsing workspaces
2020-04-06 14:10:43,212 INFO intervals loaded in 0 seconds
2020-04-06 14:10:43,212 INFO collecting observed counts
2020-04-06 14:10:43,213 INFO starting sampling
2020-04-06 14:10:43,213 INFO sampling: merged: 1/1
2020-04-06 14:10:43,213 INFO performing unconditional sampling
2020-04-06 14:10:43,213 INFO workspace without conditioning: 7 segments, 119667750 nucleotides
2020-04-06 14:10:43,213 INFO workspace after conditioning: 7 segments, 119667750 nucleotides
2020-04-06 14:10:43,214 INFO sampling started
2020-04-06 14:10:43,214 INFO 0/1000 done ( 0.00)
2020-04-06 14:10:43,220 INFO 100/1000 done (10.00)
2020-04-06 14:10:43,225 INFO 200/1000 done (20.00)
2020-04-06 14:10:43,231 INFO 300/1000 done (30.00)
2020-04-06 14:10:43,237 INFO 400/1000 done (40.00)
2020-04-06 14:10:43,242 INFO 500/1000 done (50.00)
2020-04-06 14:10:43,248 INFO 600/1000 done (60.00)
2020-04-06 14:10:43,253 INFO 700/1000 done (70.00)
2020-04-06 14:10:43,259 INFO 800/1000 done (80.00)
2020-04-06 14:10:43,264 INFO 900/1000 done (90.00)
2020-04-06 14:10:43,269 INFO sampling completed
2020-04-06 14:10:43,279 INFO sampling finished
2020-04-06 14:10:43,279 INFO computing PValue statistics
2020-04-06 14:10:43,312 INFO computing FDR statistics
# job finished in 0 seconds at Mon Apr  6 14:10:43 2020 --  0.47  0.02  0.00  0.00 -- 070f91c8-fd20-4ab0-95d0-56abef0afb5e
