# output generated by /home/witham/opt/anaconda3/envs/PromoterArchitecturePipeline/bin/gat-compare.py ../../data/EPD_promoter_analysis/TATA/TATA_counts_patternnucleotide-overlap.out
# job started at Tue Apr 14 11:44:55 2020 on switham-XPS-13-9370 -- 9658e290-bfaf-4026-9670-dcf9a27648bd
# pid: 34098, system: Linux 5.4.0-21-generic #25-Ubuntu SMP Sat Mar 28 13:10:28 UTC 2020 x86_64
# input_filename_descriptions             : None
# loglevel                                : 1
# output_filename_pattern                 : %s
# output_force                            : False
# output_order                            : observed
# output_plots_pattern                    : None
# pseudo_count                            : 1.0
# pvalue_method                           : empirical
# qvalue_lambda                           : None
# qvalue_method                           : BH
# qvalue_pi0_method                       : smoother
# short_help                              : None
# stderr                                  : <_io.TextIOWrapper name='<stderr>' mode='w' encoding='UTF-8'>
# stdin                                   : <_io.TextIOWrapper name='<stdin>' mode='r' encoding='UTF-8'>
# stdlog                                  : <_io.TextIOWrapper name='<stdout>' mode='w' encoding='UTF-8'>
# stdout                                  : <_io.TextIOWrapper name='<stdout>' mode='w' encoding='UTF-8'>
# timeit_file                             : None
# timeit_header                           : None
# timeit_name                             : all
## 2020-04-14 11:44:55,973 INFO received 1 filenames with counts
## 2020-04-14 11:44:55,973 INFO processing ../../data/EPD_promoter_analysis/TATA/TATA_counts_patternnucleotide-overlap.out
## 2020-04-14 11:44:55,973 INFO loading data
## 2020-04-14 11:44:55,974 INFO computing FDR statistics
## 2020-04-14 11:44:55,974 INFO performing pairwise comparison within a single file
## 2020-04-14 11:44:55,975 INFO computing FDR statistics
track	annotation	observed	expected	CI95low	CI95high	stddev	fold	l2fold	pvalue	qvalue
highVar	housekeeping	-69.4692	-68.6363	-71.3755	-65.8303	1.3229	1.0121	0.0174	1.1600e-01	1.1600e-01
# job finished in 0 seconds at Tue Apr 14 11:44:55 2020 --  0.37  0.03  0.00  0.00 -- 9658e290-bfaf-4026-9670-dcf9a27648bd
